Started GET "/" for ::1 at 2021-07-01 20:59:36 +0800
  [1m[35m (3.1ms)[0m  [1m[34mSELECT sqlite_version(*)[0m
Processing by Rails::WelcomeController#index as HTML
  Rendering /Library/Ruby/Gems/2.6.0/gems/railties-6.1.4/lib/rails/templates/rails/welcome/index.html.erb
  Rendered /Library/Ruby/Gems/2.6.0/gems/railties-6.1.4/lib/rails/templates/rails/welcome/index.html.erb (Duration: 11.9ms | Allocations: 516)
Completed 200 OK in 80ms (Views: 45.5ms | ActiveRecord: 0.0ms | Allocations: 4531)


  [1m[35m (1.6ms)[0m  [1m[34mSELECT sqlite_version(*)[0m
  [1m[35m (2.5ms)[0m  [1m[35mCREATE TABLE "schema_migrations" ("version" varchar NOT NULL PRIMARY KEY)[0m
  [1m[35m (1.9ms)[0m  [1m[35mCREATE TABLE "ar_internal_metadata" ("key" varchar NOT NULL PRIMARY KEY, "value" varchar, "created_at" datetime(6) NOT NULL, "updated_at" datetime(6) NOT NULL)[0m
  [1m[35m (0.2ms)[0m  [1m[34mSELECT "schema_migrations"."version" FROM "schema_migrations" ORDER BY "schema_migrations"."version" ASC[0m
Migrating to CreateArticles (20210701135539)
  [1m[36mTRANSACTION (0.2ms)[0m  [1m[36mbegin transaction[0m
  [1m[35m (0.7ms)[0m  [1m[35mCREATE TABLE "articles" ("id" integer PRIMARY KEY AUTOINCREMENT NOT NULL, "title" varchar, "body" text, "created_at" datetime(6) NOT NULL, "updated_at" datetime(6) NOT NULL)[0m
  [1m[36mActiveRecord::SchemaMigration Create (0.2ms)[0m  [1m[32mINSERT INTO "schema_migrations" ("version") VALUES (?)[0m  [["version", "20210701135539"]]
  [1m[36mTRANSACTION (1.4ms)[0m  [1m[36mcommit transaction[0m
  [1m[36mActiveRecord::InternalMetadata Load (0.2ms)[0m  [1m[34mSELECT "ar_internal_metadata".* FROM "ar_internal_metadata" WHERE "ar_internal_metadata"."key" = ? LIMIT ?[0m  [["key", "environment"], ["LIMIT", 1]]
  [1m[36mTRANSACTION (0.1ms)[0m  [1m[36mbegin transaction[0m
  [1m[36mActiveRecord::InternalMetadata Create (0.6ms)[0m  [1m[32mINSERT INTO "ar_internal_metadata" ("key", "value", "created_at", "updated_at") VALUES (?, ?, ?, ?)[0m  [["key", "environment"], ["value", "development"], ["created_at", "2021-07-01 13:58:56.806805"], ["updated_at", "2021-07-01 13:58:56.806805"]]
  [1m[36mTRANSACTION (1.2ms)[0m  [1m[36mcommit transaction[0m
  [1m[35m (0.1ms)[0m  [1m[34mSELECT sqlite_version(*)[0m
  [1m[35m (0.1ms)[0m  [1m[34mSELECT "schema_migrations"."version" FROM "schema_migrations" ORDER BY "schema_migrations"."version" ASC[0m
  [1m[35m (1.7ms)[0m  [1m[34mSELECT sqlite_version(*)[0m
  [1m[36mTRANSACTION (0.1ms)[0m  [1m[36mbegin transaction[0m
  [1m[36mArticle Create (0.8ms)[0m  [1m[32mINSERT INTO "articles" ("title", "body", "created_at", "updated_at") VALUES (?, ?, ?, ?)[0m  [["title", "Hello Rails"], ["body", "I am on Rails!"], ["created_at", "2021-07-01 14:00:38.600672"], ["updated_at", "2021-07-01 14:00:38.600672"]]
  [1m[36mTRANSACTION (3.2ms)[0m  [1m[36mcommit transaction[0m
  [1m[36mArticle Load (0.2ms)[0m  [1m[34mSELECT "articles".* FROM "articles" WHERE "articles"."id" = ? LIMIT ?[0m  [["id", 1], ["LIMIT", 1]]
  [1m[36mArticle Load (0.3ms)[0m  [1m[34mSELECT "articles".* FROM "articles" /* loading for inspect */ LIMIT ?[0m  [["LIMIT", 11]]
Started GET "/" for ::1 at 2021-07-01 22:07:13 +0800
  [1m[35m (0.8ms)[0m  [1m[34mSELECT sqlite_version(*)[0m
  [1m[35m (0.2ms)[0m  [1m[34mSELECT "schema_migrations"."version" FROM "schema_migrations" ORDER BY "schema_migrations"."version" ASC[0m
Processing by ArticlesController#index as HTML
  Rendering layout layouts/application.html.erb
  Rendering articles/index.html.erb within layouts/application
  [1m[36mArticle Load (0.2ms)[0m  [1m[34mSELECT "articles".* FROM "articles"[0m
  ↳ app/views/articles/index.html.erb:4
  Rendered articles/index.html.erb within layouts/application (Duration: 11.8ms | Allocations: 4348)
[Webpacker] Compiling...
[Webpacker] Compiled all packs in /Users/i062642/Dev/Projects/Test/rubyonrails/blog/public/packs
[Webpacker] Though the "loose" option was set to "false" in your @babel/preset-env config, it will not be used for @babel/plugin-proposal-private-methods since the "loose" mode option was set to "true" for @babel/plugin-proposal-class-properties.
The "loose" option must be the same for @babel/plugin-proposal-class-properties, @babel/plugin-proposal-private-methods and @babel/plugin-proposal-private-property-in-object (when they are enabled): you can silence this warning by explicitly adding
	["@babel/plugin-proposal-private-methods", { "loose": true }]
to the "plugins" section of your Babel config.
Though the "loose" option was set to "false" in your @babel/preset-env config, it will not be used for @babel/plugin-proposal-private-methods since the "loose" mode option was set to "true" for @babel/plugin-proposal-class-properties.
The "loose" option must be the same for @babel/plugin-proposal-class-properties, @babel/plugin-proposal-private-methods and @babel/plugin-proposal-private-property-in-object (when they are enabled): you can silence this warning by explicitly adding
	["@babel/plugin-proposal-private-methods", { "loose": true }]
to the "plugins" section of your Babel config.
Though the "loose" option was set to "false" in your @babel/preset-env config, it will not be used for @babel/plugin-proposal-private-methods since the "loose" mode option was set to "true" for @babel/plugin-proposal-class-properties.
The "loose" option must be the same for @babel/plugin-proposal-class-properties, @babel/plugin-proposal-private-methods and @babel/plugin-proposal-private-property-in-object (when they are enabled): you can silence this warning by explicitly adding
	["@babel/plugin-proposal-private-methods", { "loose": true }]
to the "plugins" section of your Babel config.
Though the "loose" option was set to "false" in your @babel/preset-env config, it will not be used for @babel/plugin-proposal-private-methods since the "loose" mode option was set to "true" for @babel/plugin-proposal-class-properties.
The "loose" option must be the same for @babel/plugin-proposal-class-properties, @babel/plugin-proposal-private-methods and @babel/plugin-proposal-private-property-in-object (when they are enabled): you can silence this warning by explicitly adding
	["@babel/plugin-proposal-private-methods", { "loose": true }]
to the "plugins" section of your Babel config.
Though the "loose" option was set to "false" in your @babel/preset-env config, it will not be used for @babel/plugin-proposal-private-methods since the "loose" mode option was set to "true" for @babel/plugin-proposal-class-properties.
The "loose" option must be the same for @babel/plugin-proposal-class-properties, @babel/plugin-proposal-private-methods and @babel/plugin-proposal-private-property-in-object (when they are enabled): you can silence this warning by explicitly adding
	["@babel/plugin-proposal-private-methods", { "loose": true }]
to the "plugins" section of your Babel config.
Though the "loose" option was set to "false" in your @babel/preset-env config, it will not be used for @babel/plugin-proposal-private-methods since the "loose" mode option was set to "true" for @babel/plugin-proposal-class-properties.
The "loose" option must be the same for @babel/plugin-proposal-class-properties, @babel/plugin-proposal-private-methods and @babel/plugin-proposal-private-property-in-object (when they are enabled): you can silence this warning by explicitly adding
	["@babel/plugin-proposal-private-methods", { "loose": true }]
to the "plugins" section of your Babel config.

[Webpacker] Hash: e2a8a876c5815bee1e21
Version: webpack 4.46.0
Time: 2053ms
Built at: 07/01/2021 10:07:19 PM
                                     Asset       Size       Chunks                         Chunk Names
    js/application-e421b4aa3f716bebdab1.js    125 KiB  application  [emitted] [immutable]  application
js/application-e421b4aa3f716bebdab1.js.map    139 KiB  application  [emitted] [dev]        application
                             manifest.json  364 bytes               [emitted]              
Entrypoint application = js/application-e421b4aa3f716bebdab1.js js/application-e421b4aa3f716bebdab1.js.map
[./app/javascript/channels sync recursive _channel\.js$] ./app/javascript/channels sync _channel\.js$ 160 bytes {application} [built]
[./app/javascript/channels/index.js] 211 bytes {application} [built]
[./app/javascript/packs/application.js] 492 bytes {application} [built]
[./node_modules/webpack/buildin/module.js] (webpack)/buildin/module.js 552 bytes {application} [built]
    + 3 hidden modules

  Rendered layout layouts/application.html.erb (Duration: 6074.0ms | Allocations: 22841)
Completed 200 OK in 6100ms (Views: 6079.8ms | ActiveRecord: 0.6ms | Allocations: 25823)


  [1m[35m (0.5ms)[0m  [1m[34mSELECT sqlite_version(*)[0m
  [1m[35m (0.1ms)[0m  [1m[34mSELECT "schema_migrations"."version" FROM "schema_migrations" ORDER BY "schema_migrations"."version" ASC[0m
Migrating to CreateComments (20210701143905)
  [1m[36mTRANSACTION (0.1ms)[0m  [1m[36mbegin transaction[0m
  [1m[35m (0.6ms)[0m  [1m[35mCREATE TABLE "comments" ("id" integer PRIMARY KEY AUTOINCREMENT NOT NULL, "commenter" varchar, "body" text, "article_id" integer NOT NULL, "created_at" datetime(6) NOT NULL, "updated_at" datetime(6) NOT NULL, CONSTRAINT "fk_rails_3bf61a60d3"
FOREIGN KEY ("article_id")
  REFERENCES "articles" ("id")
)[0m
  [1m[35m (0.2ms)[0m  [1m[35mCREATE INDEX "index_comments_on_article_id" ON "comments" ("article_id")[0m
  [1m[36mActiveRecord::SchemaMigration Create (0.2ms)[0m  [1m[32mINSERT INTO "schema_migrations" ("version") VALUES (?)[0m  [["version", "20210701143905"]]
  [1m[36mTRANSACTION (1.3ms)[0m  [1m[36mcommit transaction[0m
  [1m[36mActiveRecord::InternalMetadata Load (0.3ms)[0m  [1m[34mSELECT "ar_internal_metadata".* FROM "ar_internal_metadata" WHERE "ar_internal_metadata"."key" = ? LIMIT ?[0m  [["key", "environment"], ["LIMIT", 1]]
  [1m[35m (0.0ms)[0m  [1m[34mSELECT sqlite_version(*)[0m
  [1m[35m (0.1ms)[0m  [1m[34mSELECT "schema_migrations"."version" FROM "schema_migrations" ORDER BY "schema_migrations"."version" ASC[0m
Started GET "/" for ::1 at 2021-07-01 23:08:54 +0800
  [1m[35m (0.6ms)[0m  [1m[34mSELECT sqlite_version(*)[0m
  [1m[35m (0.1ms)[0m  [1m[34mSELECT "schema_migrations"."version" FROM "schema_migrations" ORDER BY "schema_migrations"."version" ASC[0m
  [1m[35mCACHE  (0.0ms)[0m  [1m[34mSELECT "schema_migrations"."version" FROM "schema_migrations" ORDER BY "schema_migrations"."version" ASC[0m
  
ActiveRecord::PendingMigrationError (

Migrations are pending. To resolve this issue, run:

        bin/rails db:migrate RAILS_ENV=development

You have 2 pending migrations:

20210701145843_add_status_to_articles.rb
20210701145851_add_status_to_comments.rb


):
  
activerecord (6.1.4) lib/active_record/migration.rb:625:in `check_pending!'
activerecord (6.1.4) lib/active_record/migration.rb:590:in `block (2 levels) in call'
activesupport (6.1.4) lib/active_support/evented_file_update_checker.rb:59:in `execute'
activerecord (6.1.4) lib/active_record/migration.rb:595:in `block in call'
activerecord (6.1.4) lib/active_record/migration.rb:587:in `synchronize'
activerecord (6.1.4) lib/active_record/migration.rb:587:in `call'
actionpack (6.1.4) lib/action_dispatch/middleware/callbacks.rb:27:in `block in call'
activesupport (6.1.4) lib/active_support/callbacks.rb:98:in `run_callbacks'
actionpack (6.1.4) lib/action_dispatch/middleware/callbacks.rb:26:in `call'
actionpack (6.1.4) lib/action_dispatch/middleware/executor.rb:14:in `call'
actionpack (6.1.4) lib/action_dispatch/middleware/actionable_exceptions.rb:18:in `call'
actionpack (6.1.4) lib/action_dispatch/middleware/debug_exceptions.rb:29:in `call'
web-console (4.1.0) lib/web_console/middleware.rb:132:in `call_app'
web-console (4.1.0) lib/web_console/middleware.rb:28:in `block in call'
web-console (4.1.0) lib/web_console/middleware.rb:17:in `catch'
web-console (4.1.0) lib/web_console/middleware.rb:17:in `call'
actionpack (6.1.4) lib/action_dispatch/middleware/show_exceptions.rb:33:in `call'
railties (6.1.4) lib/rails/rack/logger.rb:37:in `call_app'
railties (6.1.4) lib/rails/rack/logger.rb:26:in `block in call'
activesupport (6.1.4) lib/active_support/tagged_logging.rb:99:in `block in tagged'
activesupport (6.1.4) lib/active_support/tagged_logging.rb:37:in `tagged'
activesupport (6.1.4) lib/active_support/tagged_logging.rb:99:in `tagged'
railties (6.1.4) lib/rails/rack/logger.rb:26:in `call'
sprockets-rails (3.2.2) lib/sprockets/rails/quiet_assets.rb:13:in `call'
actionpack (6.1.4) lib/action_dispatch/middleware/remote_ip.rb:81:in `call'
actionpack (6.1.4) lib/action_dispatch/middleware/request_id.rb:26:in `call'
rack (2.2.3) lib/rack/method_override.rb:24:in `call'
rack (2.2.3) lib/rack/runtime.rb:22:in `call'
activesupport (6.1.4) lib/active_support/cache/strategy/local_cache_middleware.rb:29:in `call'
actionpack (6.1.4) lib/action_dispatch/middleware/executor.rb:14:in `call'
actionpack (6.1.4) lib/action_dispatch/middleware/static.rb:24:in `call'
rack (2.2.3) lib/rack/sendfile.rb:110:in `call'
actionpack (6.1.4) lib/action_dispatch/middleware/host_authorization.rb:98:in `call'
rack-mini-profiler (2.3.2) lib/mini_profiler/profiler.rb:384:in `call'
webpacker (5.4.0) lib/webpacker/dev_server_proxy.rb:25:in `perform_request'
rack-proxy (0.7.0) lib/rack/proxy.rb:63:in `call'
railties (6.1.4) lib/rails/engine.rb:539:in `call'
puma (5.3.2) lib/puma/configuration.rb:249:in `call'
puma (5.3.2) lib/puma/request.rb:77:in `block in handle_request'
puma (5.3.2) lib/puma/thread_pool.rb:338:in `with_force_shutdown'
puma (5.3.2) lib/puma/request.rb:76:in `handle_request'
puma (5.3.2) lib/puma/server.rb:438:in `process_client'
puma (5.3.2) lib/puma/thread_pool.rb:145:in `block in spawn_thread'
Started GET "/" for ::1 at 2021-07-01 23:11:31 +0800
  [1m[35m (1.2ms)[0m  [1m[34mSELECT sqlite_version(*)[0m
  [1m[35m (0.2ms)[0m  [1m[34mSELECT "schema_migrations"."version" FROM "schema_migrations" ORDER BY "schema_migrations"."version" ASC[0m
  [1m[35mCACHE  (0.0ms)[0m  [1m[34mSELECT "schema_migrations"."version" FROM "schema_migrations" ORDER BY "schema_migrations"."version" ASC[0m
  
ActiveRecord::PendingMigrationError (

Migrations are pending. To resolve this issue, run:

        bin/rails db:migrate RAILS_ENV=development

You have 2 pending migrations:

20210701145843_add_status_to_articles.rb
20210701145851_add_status_to_comments.rb


):
  
activerecord (6.1.4) lib/active_record/migration.rb:625:in `check_pending!'
activerecord (6.1.4) lib/active_record/migration.rb:590:in `block (2 levels) in call'
activesupport (6.1.4) lib/active_support/evented_file_update_checker.rb:59:in `execute'
activerecord (6.1.4) lib/active_record/migration.rb:595:in `block in call'
activerecord (6.1.4) lib/active_record/migration.rb:587:in `synchronize'
activerecord (6.1.4) lib/active_record/migration.rb:587:in `call'
actionpack (6.1.4) lib/action_dispatch/middleware/callbacks.rb:27:in `block in call'
activesupport (6.1.4) lib/active_support/callbacks.rb:98:in `run_callbacks'
actionpack (6.1.4) lib/action_dispatch/middleware/callbacks.rb:26:in `call'
actionpack (6.1.4) lib/action_dispatch/middleware/executor.rb:14:in `call'
actionpack (6.1.4) lib/action_dispatch/middleware/actionable_exceptions.rb:18:in `call'
actionpack (6.1.4) lib/action_dispatch/middleware/debug_exceptions.rb:29:in `call'
web-console (4.1.0) lib/web_console/middleware.rb:132:in `call_app'
web-console (4.1.0) lib/web_console/middleware.rb:28:in `block in call'
web-console (4.1.0) lib/web_console/middleware.rb:17:in `catch'
web-console (4.1.0) lib/web_console/middleware.rb:17:in `call'
actionpack (6.1.4) lib/action_dispatch/middleware/show_exceptions.rb:33:in `call'
railties (6.1.4) lib/rails/rack/logger.rb:37:in `call_app'
railties (6.1.4) lib/rails/rack/logger.rb:26:in `block in call'
activesupport (6.1.4) lib/active_support/tagged_logging.rb:99:in `block in tagged'
activesupport (6.1.4) lib/active_support/tagged_logging.rb:37:in `tagged'
activesupport (6.1.4) lib/active_support/tagged_logging.rb:99:in `tagged'
railties (6.1.4) lib/rails/rack/logger.rb:26:in `call'
sprockets-rails (3.2.2) lib/sprockets/rails/quiet_assets.rb:13:in `call'
actionpack (6.1.4) lib/action_dispatch/middleware/remote_ip.rb:81:in `call'
actionpack (6.1.4) lib/action_dispatch/middleware/request_id.rb:26:in `call'
rack (2.2.3) lib/rack/method_override.rb:24:in `call'
rack (2.2.3) lib/rack/runtime.rb:22:in `call'
activesupport (6.1.4) lib/active_support/cache/strategy/local_cache_middleware.rb:29:in `call'
actionpack (6.1.4) lib/action_dispatch/middleware/executor.rb:14:in `call'
actionpack (6.1.4) lib/action_dispatch/middleware/static.rb:24:in `call'
rack (2.2.3) lib/rack/sendfile.rb:110:in `call'
actionpack (6.1.4) lib/action_dispatch/middleware/host_authorization.rb:98:in `call'
rack-mini-profiler (2.3.2) lib/mini_profiler/profiler.rb:384:in `call'
webpacker (5.4.0) lib/webpacker/dev_server_proxy.rb:25:in `perform_request'
rack-proxy (0.7.0) lib/rack/proxy.rb:63:in `call'
railties (6.1.4) lib/rails/engine.rb:539:in `call'
puma (5.3.2) lib/puma/configuration.rb:249:in `call'
puma (5.3.2) lib/puma/request.rb:77:in `block in handle_request'
puma (5.3.2) lib/puma/thread_pool.rb:338:in `with_force_shutdown'
puma (5.3.2) lib/puma/request.rb:76:in `handle_request'
puma (5.3.2) lib/puma/server.rb:438:in `process_client'
puma (5.3.2) lib/puma/thread_pool.rb:145:in `block in spawn_thread'
Started POST "/rails/actions" for ::1 at 2021-07-01 23:11:42 +0800
  [1m[35m (0.2ms)[0m  [1m[34mSELECT "schema_migrations"."version" FROM "schema_migrations" ORDER BY "schema_migrations"."version" ASC[0m
Migrating to AddStatusToArticles (20210701145843)
  [1m[36mTRANSACTION (0.1ms)[0m  [1m[36mbegin transaction[0m
  [1m[35m (0.9ms)[0m  [1m[35mALTER TABLE "articles" ADD "status" varchar[0m
  [1m[36mActiveRecord::SchemaMigration Create (0.2ms)[0m  [1m[32mINSERT INTO "schema_migrations" ("version") VALUES (?)[0m  [["version", "20210701145843"]]
  [1m[36mTRANSACTION (1.8ms)[0m  [1m[36mcommit transaction[0m
Migrating to AddStatusToComments (20210701145851)
  [1m[36mTRANSACTION (0.1ms)[0m  [1m[36mbegin transaction[0m
  [1m[35m (1.4ms)[0m  [1m[35mALTER TABLE "comments" ADD "status" varchar[0m
  [1m[36mActiveRecord::SchemaMigration Create (0.3ms)[0m  [1m[32mINSERT INTO "schema_migrations" ("version") VALUES (?)[0m  [["version", "20210701145851"]]
  [1m[36mTRANSACTION (1.8ms)[0m  [1m[36mcommit transaction[0m
  [1m[36mActiveRecord::InternalMetadata Load (0.3ms)[0m  [1m[34mSELECT "ar_internal_metadata".* FROM "ar_internal_metadata" WHERE "ar_internal_metadata"."key" = ? LIMIT ?[0m  [["key", "environment"], ["LIMIT", 1]]
  [1m[35m (0.2ms)[0m  [1m[34mSELECT "schema_migrations"."version" FROM "schema_migrations" ORDER BY "schema_migrations"."version" ASC[0m
Started GET "/" for ::1 at 2021-07-01 23:11:42 +0800
  [1m[35m (0.1ms)[0m  [1m[34mSELECT "schema_migrations"."version" FROM "schema_migrations" ORDER BY "schema_migrations"."version" ASC[0m
Processing by ArticlesController#index as HTML
  Rendering layout layouts/application.html.erb
  Rendering articles/index.html.erb within layouts/application
  [1m[36mArticle Load (0.3ms)[0m  [1m[34mSELECT "articles".* FROM "articles"[0m
  ↳ app/views/articles/index.html.erb:4
  Rendered articles/index.html.erb within layouts/application (Duration: 9.3ms | Allocations: 4254)
[Webpacker] Everything's up-to-date. Nothing to do
  Rendered layout layouts/application.html.erb (Duration: 79.0ms | Allocations: 21970)
Completed 200 OK in 116ms (Views: 81.4ms | ActiveRecord: 0.8ms | Allocations: 25914)


Started GET "/articles/new" for ::1 at 2021-07-01 23:11:50 +0800
Processing by ArticlesController#new as HTML
Filter chain halted as #<Proc:0x00007fb42f06bef0@/Library/Ruby/Gems/2.6.0/gems/actionpack-6.1.4/lib/action_controller/metal/http_authentication.rb:73> rendered or redirected
Completed 401 Unauthorized in 1ms (Allocations: 274)


Started GET "/articles/new" for ::1 at 2021-07-01 23:12:22 +0800
Processing by ArticlesController#new as HTML
  [1m[35m (0.1ms)[0m  [1m[34mSELECT sqlite_version(*)[0m
  ↳ app/controllers/articles_controller.rb:13:in `new'
  Rendering layout layouts/application.html.erb
  Rendering articles/new.html.erb within layouts/application
  Rendered articles/_form.html.erb (Duration: 55.0ms | Allocations: 5967)
  Rendered articles/new.html.erb within layouts/application (Duration: 57.7ms | Allocations: 6285)
[Webpacker] Everything's up-to-date. Nothing to do
  Rendered layout layouts/application.html.erb (Duration: 67.8ms | Allocations: 9881)
Completed 200 OK in 88ms (Views: 69.2ms | ActiveRecord: 0.9ms | Allocations: 18634)


Started POST "/articles" for ::1 at 2021-07-01 23:12:35 +0800
Processing by ArticlesController#create as HTML
  Parameters: {"authenticity_token"=>"[FILTERED]", "article"=>{"title"=>"test", "body"=>"daniel", "status"=>"public"}, "commit"=>"Create Article"}
Filter chain halted as #<Proc:0x00007fb42f06bef0@/Library/Ruby/Gems/2.6.0/gems/actionpack-6.1.4/lib/action_controller/metal/http_authentication.rb:73> rendered or redirected
Completed 401 Unauthorized in 1ms (ActiveRecord: 0.0ms | Allocations: 282)


Started POST "/articles" for ::1 at 2021-07-01 23:12:35 +0800
Processing by ArticlesController#create as HTML
  Parameters: {"authenticity_token"=>"[FILTERED]", "article"=>{"title"=>"test", "body"=>"daniel", "status"=>"public"}, "commit"=>"Create Article"}
  Rendering layout layouts/application.html.erb
  Rendering articles/new.html.erb within layouts/application
  Rendered articles/_form.html.erb (Duration: 2.8ms | Allocations: 2017)
  Rendered articles/new.html.erb within layouts/application (Duration: 3.0ms | Allocations: 2111)
[Webpacker] Everything's up-to-date. Nothing to do
  Rendered layout layouts/application.html.erb (Duration: 13.0ms | Allocations: 5691)
Completed 200 OK in 15ms (Views: 13.6ms | ActiveRecord: 0.0ms | Allocations: 6845)


Started POST "/articles" for ::1 at 2021-07-01 23:12:48 +0800
Processing by ArticlesController#create as HTML
  Parameters: {"authenticity_token"=>"[FILTERED]", "article"=>{"title"=>"test1", "body"=>"daniel", "status"=>"public"}, "commit"=>"Create Article"}
  Rendering layout layouts/application.html.erb
  Rendering articles/new.html.erb within layouts/application
  Rendered articles/_form.html.erb (Duration: 2.9ms | Allocations: 1949)
  Rendered articles/new.html.erb within layouts/application (Duration: 3.1ms | Allocations: 2043)
[Webpacker] Everything's up-to-date. Nothing to do
  Rendered layout layouts/application.html.erb (Duration: 12.1ms | Allocations: 5623)
Completed 200 OK in 14ms (Views: 12.5ms | ActiveRecord: 0.0ms | Allocations: 6671)


Started GET "/articles" for ::1 at 2021-07-01 23:12:57 +0800
Processing by ArticlesController#index as HTML
  Rendering layout layouts/application.html.erb
  Rendering articles/index.html.erb within layouts/application
  [1m[36mArticle Load (0.2ms)[0m  [1m[34mSELECT "articles".* FROM "articles"[0m
  ↳ app/views/articles/index.html.erb:4
  Rendered articles/index.html.erb within layouts/application (Duration: 2.5ms | Allocations: 778)
[Webpacker] Everything's up-to-date. Nothing to do
  Rendered layout layouts/application.html.erb (Duration: 10.8ms | Allocations: 4438)
Completed 200 OK in 12ms (Views: 11.1ms | ActiveRecord: 0.2ms | Allocations: 4864)


Started GET "/articles/1" for ::1 at 2021-07-01 23:12:58 +0800
Processing by ArticlesController#show as HTML
  Parameters: {"id"=>"1"}
  [1m[36mArticle Load (0.4ms)[0m  [1m[34mSELECT "articles".* FROM "articles" WHERE "articles"."id" = ? LIMIT ?[0m  [["id", 1], ["LIMIT", 1]]
  ↳ app/controllers/articles_controller.rb:9:in `show'
  Rendering layout layouts/application.html.erb
  Rendering articles/show.html.erb within layouts/application
  [1m[36mComment Load (0.2ms)[0m  [1m[34mSELECT "comments".* FROM "comments" WHERE "comments"."article_id" = ?[0m  [["article_id", 1]]
  ↳ app/views/articles/show.html.erb:13
  Rendered collection of templates [0 times] (Duration: 0.1ms | Allocations: 12)
  Rendered comments/_form.html.erb (Duration: 20.3ms | Allocations: 6434)
  Rendered articles/show.html.erb within layouts/application (Duration: 75.7ms | Allocations: 19128)
[Webpacker] Everything's up-to-date. Nothing to do
  Rendered layout layouts/application.html.erb (Duration: 85.1ms | Allocations: 22688)
Completed 200 OK in 92ms (Views: 85.0ms | ActiveRecord: 1.3ms | Allocations: 23906)


Started GET "/articles" for ::1 at 2021-07-01 23:13:11 +0800
Processing by ArticlesController#index as HTML
  Rendering layout layouts/application.html.erb
  Rendering articles/index.html.erb within layouts/application
  [1m[36mArticle Load (0.1ms)[0m  [1m[34mSELECT "articles".* FROM "articles"[0m
  ↳ app/views/articles/index.html.erb:4
  Rendered articles/index.html.erb within layouts/application (Duration: 1.7ms | Allocations: 739)
[Webpacker] Everything's up-to-date. Nothing to do
  Rendered layout layouts/application.html.erb (Duration: 9.6ms | Allocations: 4396)
Completed 200 OK in 11ms (Views: 9.9ms | ActiveRecord: 0.1ms | Allocations: 4788)


Started GET "/articles" for ::1 at 2021-07-01 23:13:14 +0800
Processing by ArticlesController#index as HTML
  Rendering layout layouts/application.html.erb
  Rendering articles/index.html.erb within layouts/application
  [1m[36mArticle Load (0.1ms)[0m  [1m[34mSELECT "articles".* FROM "articles"[0m
  ↳ app/views/articles/index.html.erb:4
  Rendered articles/index.html.erb within layouts/application (Duration: 2.3ms | Allocations: 735)
[Webpacker] Everything's up-to-date. Nothing to do
  Rendered layout layouts/application.html.erb (Duration: 11.0ms | Allocations: 4392)
Completed 200 OK in 12ms (Views: 11.3ms | ActiveRecord: 0.1ms | Allocations: 4783)


Started GET "/articles/new" for ::1 at 2021-07-01 23:13:15 +0800
Processing by ArticlesController#new as HTML
  Rendering layout layouts/application.html.erb
  Rendering articles/new.html.erb within layouts/application
  Rendered articles/_form.html.erb (Duration: 2.7ms | Allocations: 944)
  Rendered articles/new.html.erb within layouts/application (Duration: 3.6ms | Allocations: 1058)
[Webpacker] Everything's up-to-date. Nothing to do
  Rendered layout layouts/application.html.erb (Duration: 15.8ms | Allocations: 4835)
Completed 200 OK in 18ms (Views: 16.5ms | ActiveRecord: 0.0ms | Allocations: 5257)


Started POST "/articles" for ::1 at 2021-07-01 23:13:24 +0800
Processing by ArticlesController#create as HTML
  Parameters: {"authenticity_token"=>"[FILTERED]", "article"=>{"title"=>"test", "body"=>"daferetgagdg", "status"=>"public"}, "commit"=>"Create Article"}
  [1m[36mTRANSACTION (0.1ms)[0m  [1m[36mbegin transaction[0m
  ↳ app/controllers/articles_controller.rb:19:in `create'
  [1m[36mArticle Create (0.5ms)[0m  [1m[32mINSERT INTO "articles" ("title", "body", "created_at", "updated_at", "status") VALUES (?, ?, ?, ?, ?)[0m  [["title", "test"], ["body", "daferetgagdg"], ["created_at", "2021-07-01 15:13:24.177242"], ["updated_at", "2021-07-01 15:13:24.177242"], ["status", "public"]]
  ↳ app/controllers/articles_controller.rb:19:in `create'
  [1m[36mTRANSACTION (3.9ms)[0m  [1m[36mcommit transaction[0m
  ↳ app/controllers/articles_controller.rb:19:in `create'
Redirected to http://localhost:3000/articles/2
Completed 302 Found in 10ms (ActiveRecord: 4.4ms | Allocations: 2583)


Started GET "/articles/2" for ::1 at 2021-07-01 23:13:24 +0800
Processing by ArticlesController#show as HTML
  Parameters: {"id"=>"2"}
  [1m[36mArticle Load (0.1ms)[0m  [1m[34mSELECT "articles".* FROM "articles" WHERE "articles"."id" = ? LIMIT ?[0m  [["id", 2], ["LIMIT", 1]]
  ↳ app/controllers/articles_controller.rb:9:in `show'
  Rendering layout layouts/application.html.erb
  Rendering articles/show.html.erb within layouts/application
  [1m[36mComment Load (0.1ms)[0m  [1m[34mSELECT "comments".* FROM "comments" WHERE "comments"."article_id" = ?[0m  [["article_id", 2]]
  ↳ app/views/articles/show.html.erb:13
  Rendered collection of templates [0 times] (Duration: 0.0ms | Allocations: 10)
  Rendered comments/_form.html.erb (Duration: 1.5ms | Allocations: 1031)
  Rendered articles/show.html.erb within layouts/application (Duration: 3.5ms | Allocations: 2037)
[Webpacker] Everything's up-to-date. Nothing to do
  Rendered layout layouts/application.html.erb (Duration: 12.3ms | Allocations: 5693)
Completed 200 OK in 14ms (Views: 12.6ms | ActiveRecord: 0.2ms | Allocations: 6620)


Started POST "/articles/2/comments" for ::1 at 2021-07-01 23:13:42 +0800
Processing by CommentsController#create as HTML
  Parameters: {"authenticity_token"=>"[FILTERED]", "comment"=>{"commenter"=>"daniel", "body"=>"fdagesgtsdgfdag", "status"=>"public"}, "commit"=>"Create Comment", "article_id"=>"2"}
  [1m[36mArticle Load (0.2ms)[0m  [1m[34mSELECT "articles".* FROM "articles" WHERE "articles"."id" = ? LIMIT ?[0m  [["id", 2], ["LIMIT", 1]]
  ↳ app/controllers/comments_controller.rb:5:in `create'
  [1m[36mTRANSACTION (0.1ms)[0m  [1m[36mbegin transaction[0m
  ↳ app/controllers/comments_controller.rb:6:in `create'
  [1m[36mComment Create (0.6ms)[0m  [1m[32mINSERT INTO "comments" ("commenter", "body", "article_id", "created_at", "updated_at", "status") VALUES (?, ?, ?, ?, ?, ?)[0m  [["commenter", "daniel"], ["body", "fdagesgtsdgfdag"], ["article_id", 2], ["created_at", "2021-07-01 15:13:42.129386"], ["updated_at", "2021-07-01 15:13:42.129386"], ["status", "public"]]
  ↳ app/controllers/comments_controller.rb:6:in `create'
  [1m[36mTRANSACTION (1.8ms)[0m  [1m[36mcommit transaction[0m
  ↳ app/controllers/comments_controller.rb:6:in `create'
Redirected to http://localhost:3000/articles/2
Completed 302 Found in 10ms (ActiveRecord: 2.6ms | Allocations: 3385)


Started GET "/articles/2" for ::1 at 2021-07-01 23:13:42 +0800
Processing by ArticlesController#show as HTML
  Parameters: {"id"=>"2"}
  [1m[36mArticle Load (0.2ms)[0m  [1m[34mSELECT "articles".* FROM "articles" WHERE "articles"."id" = ? LIMIT ?[0m  [["id", 2], ["LIMIT", 1]]
  ↳ app/controllers/articles_controller.rb:9:in `show'
  Rendering layout layouts/application.html.erb
  Rendering articles/show.html.erb within layouts/application
  [1m[36mComment Load (0.1ms)[0m  [1m[34mSELECT "comments".* FROM "comments" WHERE "comments"."article_id" = ?[0m  [["article_id", 2]]
  ↳ app/views/articles/show.html.erb:13
  Rendered articles/show.html.erb within layouts/application (Duration: 5.2ms | Allocations: 2263)
  Rendered layout layouts/application.html.erb (Duration: 5.5ms | Allocations: 2333)
Completed 500 Internal Server Error in 9ms (ActiveRecord: 0.3ms | Allocations: 3241)


  
ActionView::Template::Error (Missing partial comments/_comment with {:locale=>[:en], :formats=>[:html], :variants=>[], :handlers=>[:raw, :erb, :html, :builder, :ruby, :jbuilder]}. Searched in:
  * "/Users/i062642/Dev/Projects/Test/rubyonrails/blog/app/views"
  * "/Library/Ruby/Gems/2.6.0/gems/actiontext-6.1.4/app/views"
  * "/Library/Ruby/Gems/2.6.0/gems/actionmailbox-6.1.4/app/views"
):
    10: </ul>
    11: 
    12: <h2>Comments</h2>
    13: <%= render @article.comments %>
    14: 
    15: <h2>Add a comment:</h2>
    16: <%= render 'comments/form' %>
  
app/views/articles/show.html.erb:13
Started GET "/articles/" for ::1 at 2021-07-01 23:15:30 +0800
Processing by ArticlesController#index as HTML
  Rendering layout layouts/application.html.erb
  Rendering articles/index.html.erb within layouts/application
  [1m[36mArticle Load (0.1ms)[0m  [1m[34mSELECT "articles".* FROM "articles"[0m
  ↳ app/views/articles/index.html.erb:4
  Rendered articles/index.html.erb within layouts/application (Duration: 1.8ms | Allocations: 772)
[Webpacker] Everything's up-to-date. Nothing to do
  Rendered layout layouts/application.html.erb (Duration: 11.4ms | Allocations: 4430)
Completed 200 OK in 12ms (Views: 11.8ms | ActiveRecord: 0.1ms | Allocations: 4821)


Started GET "/articles/2" for ::1 at 2021-07-01 23:15:33 +0800
Processing by ArticlesController#show as HTML
  Parameters: {"id"=>"2"}
  [1m[36mArticle Load (0.3ms)[0m  [1m[34mSELECT "articles".* FROM "articles" WHERE "articles"."id" = ? LIMIT ?[0m  [["id", 2], ["LIMIT", 1]]
  ↳ app/controllers/articles_controller.rb:9:in `show'
  Rendering layout layouts/application.html.erb
  Rendering articles/show.html.erb within layouts/application
  [1m[36mComment Load (0.2ms)[0m  [1m[34mSELECT "comments".* FROM "comments" WHERE "comments"."article_id" = ?[0m  [["article_id", 2]]
  ↳ app/views/articles/show.html.erb:13
  Rendered articles/show.html.erb within layouts/application (Duration: 4.1ms | Allocations: 1972)
  Rendered layout layouts/application.html.erb (Duration: 4.9ms | Allocations: 2059)
Completed 500 Internal Server Error in 10ms (ActiveRecord: 0.4ms | Allocations: 2990)


  
ActionView::Template::Error (Missing partial comments/_comment with {:locale=>[:en], :formats=>[:html], :variants=>[], :handlers=>[:raw, :erb, :html, :builder, :ruby, :jbuilder]}. Searched in:
  * "/Users/i062642/Dev/Projects/Test/rubyonrails/blog/app/views"
  * "/Library/Ruby/Gems/2.6.0/gems/actiontext-6.1.4/app/views"
  * "/Library/Ruby/Gems/2.6.0/gems/actionmailbox-6.1.4/app/views"
):
    10: </ul>
    11: 
    12: <h2>Comments</h2>
    13: <%= render @article.comments %>
    14: 
    15: <h2>Add a comment:</h2>
    16: <%= render 'comments/form' %>
  
app/views/articles/show.html.erb:13
Started GET "/articles/" for ::1 at 2021-07-01 23:15:46 +0800
Processing by ArticlesController#index as HTML
  Rendering layout layouts/application.html.erb
  Rendering articles/index.html.erb within layouts/application
  [1m[36mArticle Load (0.2ms)[0m  [1m[34mSELECT "articles".* FROM "articles"[0m
  ↳ app/views/articles/index.html.erb:4
  Rendered articles/index.html.erb within layouts/application (Duration: 2.4ms | Allocations: 788)
[Webpacker] Everything's up-to-date. Nothing to do
  Rendered layout layouts/application.html.erb (Duration: 14.7ms | Allocations: 4545)
Completed 200 OK in 16ms (Views: 15.2ms | ActiveRecord: 0.2ms | Allocations: 4940)


Started GET "/articles/1" for ::1 at 2021-07-01 23:15:48 +0800
Processing by ArticlesController#show as HTML
  Parameters: {"id"=>"1"}
  [1m[36mArticle Load (0.2ms)[0m  [1m[34mSELECT "articles".* FROM "articles" WHERE "articles"."id" = ? LIMIT ?[0m  [["id", 1], ["LIMIT", 1]]
  ↳ app/controllers/articles_controller.rb:9:in `show'
  Rendering layout layouts/application.html.erb
  Rendering articles/show.html.erb within layouts/application
  [1m[36mComment Load (0.2ms)[0m  [1m[34mSELECT "comments".* FROM "comments" WHERE "comments"."article_id" = ?[0m  [["article_id", 1]]
  ↳ app/views/articles/show.html.erb:13
  Rendered collection of templates [0 times] (Duration: 0.0ms | Allocations: 10)
  Rendered comments/_form.html.erb (Duration: 2.4ms | Allocations: 1031)
  Rendered articles/show.html.erb within layouts/application (Duration: 6.7ms | Allocations: 2054)
[Webpacker] Everything's up-to-date. Nothing to do
  Rendered layout layouts/application.html.erb (Duration: 17.5ms | Allocations: 5807)
Completed 200 OK in 21ms (Views: 18.1ms | ActiveRecord: 0.4ms | Allocations: 6759)


Started GET "/articles/new" for ::1 at 2021-07-01 23:16:01 +0800
Processing by ArticlesController#new as HTML
  Rendering layout layouts/application.html.erb
  Rendering articles/new.html.erb within layouts/application
  Rendered articles/_form.html.erb (Duration: 1.8ms | Allocations: 943)
  Rendered articles/new.html.erb within layouts/application (Duration: 2.3ms | Allocations: 1041)
[Webpacker] Everything's up-to-date. Nothing to do
  Rendered layout layouts/application.html.erb (Duration: 15.8ms | Allocations: 4808)
Completed 200 OK in 18ms (Views: 16.6ms | ActiveRecord: 0.0ms | Allocations: 5234)


Started POST "/articles" for ::1 at 2021-07-01 23:16:09 +0800
Processing by ArticlesController#create as HTML
  Parameters: {"authenticity_token"=>"[FILTERED]", "article"=>{"title"=>"test1", "body"=>"testtest", "status"=>"public"}, "commit"=>"Create Article"}
  Rendering layout layouts/application.html.erb
  Rendering articles/new.html.erb within layouts/application
  Rendered articles/_form.html.erb (Duration: 2.6ms | Allocations: 1949)
  Rendered articles/new.html.erb within layouts/application (Duration: 2.9ms | Allocations: 2043)
[Webpacker] Everything's up-to-date. Nothing to do
  Rendered layout layouts/application.html.erb (Duration: 10.5ms | Allocations: 5621)
Completed 200 OK in 13ms (Views: 11.1ms | ActiveRecord: 0.0ms | Allocations: 6683)


Started POST "/articles" for ::1 at 2021-07-01 23:16:16 +0800
Processing by ArticlesController#create as HTML
  Parameters: {"authenticity_token"=>"[FILTERED]", "article"=>{"title"=>"test1", "body"=>"testtesttesteetes", "status"=>"public"}, "commit"=>"Create Article"}
  [1m[36mTRANSACTION (0.1ms)[0m  [1m[36mbegin transaction[0m
  ↳ app/controllers/articles_controller.rb:19:in `create'
  [1m[36mArticle Create (0.8ms)[0m  [1m[32mINSERT INTO "articles" ("title", "body", "created_at", "updated_at", "status") VALUES (?, ?, ?, ?, ?)[0m  [["title", "test1"], ["body", "testtesttesteetes"], ["created_at", "2021-07-01 15:16:16.779764"], ["updated_at", "2021-07-01 15:16:16.779764"], ["status", "public"]]
  ↳ app/controllers/articles_controller.rb:19:in `create'
  [1m[36mTRANSACTION (1.2ms)[0m  [1m[36mcommit transaction[0m
  ↳ app/controllers/articles_controller.rb:19:in `create'
Redirected to http://localhost:3000/articles/3
Completed 302 Found in 9ms (ActiveRecord: 2.0ms | Allocations: 2446)


Started GET "/articles/3" for ::1 at 2021-07-01 23:16:16 +0800
Processing by ArticlesController#show as HTML
  Parameters: {"id"=>"3"}
  [1m[36mArticle Load (0.2ms)[0m  [1m[34mSELECT "articles".* FROM "articles" WHERE "articles"."id" = ? LIMIT ?[0m  [["id", 3], ["LIMIT", 1]]
  ↳ app/controllers/articles_controller.rb:9:in `show'
  Rendering layout layouts/application.html.erb
  Rendering articles/show.html.erb within layouts/application
  [1m[36mComment Load (0.2ms)[0m  [1m[34mSELECT "comments".* FROM "comments" WHERE "comments"."article_id" = ?[0m  [["article_id", 3]]
  ↳ app/views/articles/show.html.erb:13
  Rendered collection of templates [0 times] (Duration: 0.0ms | Allocations: 10)
  Rendered comments/_form.html.erb (Duration: 2.3ms | Allocations: 1031)
  Rendered articles/show.html.erb within layouts/application (Duration: 5.9ms | Allocations: 2034)
[Webpacker] Everything's up-to-date. Nothing to do
  Rendered layout layouts/application.html.erb (Duration: 14.0ms | Allocations: 5690)
Completed 200 OK in 17ms (Views: 14.5ms | ActiveRecord: 0.3ms | Allocations: 6615)


Started GET "/articles" for ::1 at 2021-07-01 23:16:26 +0800
Processing by ArticlesController#index as HTML
  Rendering layout layouts/application.html.erb
  Rendering articles/index.html.erb within layouts/application
  [1m[36mArticle Load (0.1ms)[0m  [1m[34mSELECT "articles".* FROM "articles"[0m
  ↳ app/views/articles/index.html.erb:4
  Rendered articles/index.html.erb within layouts/application (Duration: 2.4ms | Allocations: 811)
[Webpacker] Everything's up-to-date. Nothing to do
  Rendered layout layouts/application.html.erb (Duration: 10.3ms | Allocations: 4468)
Completed 200 OK in 12ms (Views: 10.9ms | ActiveRecord: 0.1ms | Allocations: 4859)


Started GET "/articles/3" for ::1 at 2021-07-01 23:16:28 +0800
Processing by ArticlesController#show as HTML
  Parameters: {"id"=>"3"}
  [1m[36mArticle Load (0.1ms)[0m  [1m[34mSELECT "articles".* FROM "articles" WHERE "articles"."id" = ? LIMIT ?[0m  [["id", 3], ["LIMIT", 1]]
  ↳ app/controllers/articles_controller.rb:9:in `show'
  Rendering layout layouts/application.html.erb
  Rendering articles/show.html.erb within layouts/application
  [1m[36mComment Load (0.1ms)[0m  [1m[34mSELECT "comments".* FROM "comments" WHERE "comments"."article_id" = ?[0m  [["article_id", 3]]
  ↳ app/views/articles/show.html.erb:13
  Rendered collection of templates [0 times] (Duration: 0.0ms | Allocations: 10)
  Rendered comments/_form.html.erb (Duration: 1.8ms | Allocations: 1031)
  Rendered articles/show.html.erb within layouts/application (Duration: 5.5ms | Allocations: 2050)
[Webpacker] Everything's up-to-date. Nothing to do
  Rendered layout layouts/application.html.erb (Duration: 17.3ms | Allocations: 5800)
Completed 200 OK in 21ms (Views: 18.2ms | ActiveRecord: 0.3ms | Allocations: 6738)


Started GET "/articles/3" for ::1 at 2021-07-01 23:16:32 +0800
Processing by ArticlesController#show as HTML
  Parameters: {"id"=>"3"}
  [1m[36mArticle Load (0.2ms)[0m  [1m[34mSELECT "articles".* FROM "articles" WHERE "articles"."id" = ? LIMIT ?[0m  [["id", 3], ["LIMIT", 1]]
  ↳ app/controllers/articles_controller.rb:9:in `show'
  Rendering layout layouts/application.html.erb
  Rendering articles/show.html.erb within layouts/application
  [1m[36mComment Load (0.1ms)[0m  [1m[34mSELECT "comments".* FROM "comments" WHERE "comments"."article_id" = ?[0m  [["article_id", 3]]
  ↳ app/views/articles/show.html.erb:13
  Rendered collection of templates [0 times] (Duration: 0.0ms | Allocations: 10)
  Rendered comments/_form.html.erb (Duration: 1.7ms | Allocations: 1031)
  Rendered articles/show.html.erb within layouts/application (Duration: 5.1ms | Allocations: 2128)
[Webpacker] Everything's up-to-date. Nothing to do
  Rendered layout layouts/application.html.erb (Duration: 16.0ms | Allocations: 5788)
Completed 200 OK in 20ms (Views: 16.4ms | ActiveRecord: 0.3ms | Allocations: 6734)


Started POST "/articles/3/comments" for ::1 at 2021-07-01 23:16:46 +0800
Processing by CommentsController#create as HTML
  Parameters: {"authenticity_token"=>"[FILTERED]", "comment"=>{"commenter"=>"daniel", "body"=>"test test. test", "status"=>"public"}, "commit"=>"Create Comment", "article_id"=>"3"}
  [1m[36mArticle Load (0.2ms)[0m  [1m[34mSELECT "articles".* FROM "articles" WHERE "articles"."id" = ? LIMIT ?[0m  [["id", 3], ["LIMIT", 1]]
  ↳ app/controllers/comments_controller.rb:5:in `create'
  [1m[36mTRANSACTION (0.0ms)[0m  [1m[36mbegin transaction[0m
  ↳ app/controllers/comments_controller.rb:6:in `create'
  [1m[36mComment Create (0.5ms)[0m  [1m[32mINSERT INTO "comments" ("commenter", "body", "article_id", "created_at", "updated_at", "status") VALUES (?, ?, ?, ?, ?, ?)[0m  [["commenter", "daniel"], ["body", "test test. test"], ["article_id", 3], ["created_at", "2021-07-01 15:16:46.837588"], ["updated_at", "2021-07-01 15:16:46.837588"], ["status", "public"]]
  ↳ app/controllers/comments_controller.rb:6:in `create'
  [1m[36mTRANSACTION (1.7ms)[0m  [1m[36mcommit transaction[0m
  ↳ app/controllers/comments_controller.rb:6:in `create'
Redirected to http://localhost:3000/articles/3
Completed 302 Found in 10ms (ActiveRecord: 2.5ms | Allocations: 3283)


Started GET "/articles/3" for ::1 at 2021-07-01 23:16:46 +0800
Processing by ArticlesController#show as HTML
  Parameters: {"id"=>"3"}
  [1m[36mArticle Load (0.1ms)[0m  [1m[34mSELECT "articles".* FROM "articles" WHERE "articles"."id" = ? LIMIT ?[0m  [["id", 3], ["LIMIT", 1]]
  ↳ app/controllers/articles_controller.rb:9:in `show'
  Rendering layout layouts/application.html.erb
  Rendering articles/show.html.erb within layouts/application
  [1m[36mComment Load (0.2ms)[0m  [1m[34mSELECT "comments".* FROM "comments" WHERE "comments"."article_id" = ?[0m  [["article_id", 3]]
  ↳ app/views/articles/show.html.erb:13
  Rendered articles/show.html.erb within layouts/application (Duration: 3.8ms | Allocations: 1959)
  Rendered layout layouts/application.html.erb (Duration: 4.1ms | Allocations: 2029)
Completed 500 Internal Server Error in 6ms (ActiveRecord: 0.3ms | Allocations: 2933)


  
ActionView::Template::Error (Missing partial comments/_comment with {:locale=>[:en], :formats=>[:html], :variants=>[], :handlers=>[:raw, :erb, :html, :builder, :ruby, :jbuilder]}. Searched in:
  * "/Users/i062642/Dev/Projects/Test/rubyonrails/blog/app/views"
  * "/Library/Ruby/Gems/2.6.0/gems/actiontext-6.1.4/app/views"
  * "/Library/Ruby/Gems/2.6.0/gems/actionmailbox-6.1.4/app/views"
):
    10: </ul>
    11: 
    12: <h2>Comments</h2>
    13: <%= render @article.comments %>
    14: 
    15: <h2>Add a comment:</h2>
    16: <%= render 'comments/form' %>
  
app/views/articles/show.html.erb:13
Started GET "/articles/" for ::1 at 2021-07-01 23:25:41 +0800
  [1m[35m (1.8ms)[0m  [1m[34mSELECT sqlite_version(*)[0m
  [1m[35m (0.5ms)[0m  [1m[34mSELECT "schema_migrations"."version" FROM "schema_migrations" ORDER BY "schema_migrations"."version" ASC[0m
Processing by ArticlesController#index as HTML
  Rendering layout layouts/application.html.erb
  Rendering articles/index.html.erb within layouts/application
  [1m[36mArticle Load (0.6ms)[0m  [1m[34mSELECT "articles".* FROM "articles"[0m
  ↳ app/views/articles/index.html.erb:4
  Rendered articles/index.html.erb within layouts/application (Duration: 21.8ms | Allocations: 4734)
[Webpacker] Everything's up-to-date. Nothing to do
  Rendered layout layouts/application.html.erb (Duration: 70.3ms | Allocations: 10984)
Completed 200 OK in 134ms (Views: 87.2ms | ActiveRecord: 1.2ms | Allocations: 16366)


Started GET "/articles/2" for ::1 at 2021-07-01 23:25:44 +0800
Processing by ArticlesController#show as HTML
  Parameters: {"id"=>"2"}
  [1m[36mArticle Load (0.2ms)[0m  [1m[34mSELECT "articles".* FROM "articles" WHERE "articles"."id" = ? LIMIT ?[0m  [["id", 2], ["LIMIT", 1]]
  ↳ app/controllers/articles_controller.rb:9:in `show'
  Rendering layout layouts/application.html.erb
  Rendering articles/show.html.erb within layouts/application
  [1m[36mComment Load (0.7ms)[0m  [1m[34mSELECT "comments".* FROM "comments" WHERE "comments"."article_id" = ?[0m  [["article_id", 2]]
  ↳ app/views/articles/show.html.erb:13
  Rendered collection of comments/_comment.html.erb [1 times] (Duration: 3.8ms | Allocations: 630)
  Rendered comments/_form.html.erb (Duration: 19.2ms | Allocations: 3274)
  Rendered articles/show.html.erb within layouts/application (Duration: 53.3ms | Allocations: 13331)
[Webpacker] Everything's up-to-date. Nothing to do
  Rendered layout layouts/application.html.erb (Duration: 60.3ms | Allocations: 16894)
Completed 200 OK in 67ms (Views: 59.6ms | ActiveRecord: 1.6ms | Allocations: 18514)


Started POST "/articles/2/comments" for ::1 at 2021-07-01 23:26:07 +0800
Processing by CommentsController#create as HTML
  Parameters: {"authenticity_token"=>"[FILTERED]", "comment"=>{"commenter"=>"daniel 2", "body"=>"rfdq34342342314", "status"=>"public"}, "commit"=>"Create Comment", "article_id"=>"2"}
  [1m[36mArticle Load (0.2ms)[0m  [1m[34mSELECT "articles".* FROM "articles" WHERE "articles"."id" = ? LIMIT ?[0m  [["id", 2], ["LIMIT", 1]]
  ↳ app/controllers/comments_controller.rb:5:in `create'
  [1m[36mTRANSACTION (0.1ms)[0m  [1m[36mbegin transaction[0m
  ↳ app/controllers/comments_controller.rb:6:in `create'
  [1m[36mComment Create (1.3ms)[0m  [1m[32mINSERT INTO "comments" ("commenter", "body", "article_id", "created_at", "updated_at", "status") VALUES (?, ?, ?, ?, ?, ?)[0m  [["commenter", "daniel 2"], ["body", "rfdq34342342314"], ["article_id", 2], ["created_at", "2021-07-01 15:26:07.662924"], ["updated_at", "2021-07-01 15:26:07.662924"], ["status", "public"]]
  ↳ app/controllers/comments_controller.rb:6:in `create'
  [1m[36mTRANSACTION (1.7ms)[0m  [1m[36mcommit transaction[0m
  ↳ app/controllers/comments_controller.rb:6:in `create'
Redirected to http://localhost:3000/articles/2
Completed 302 Found in 17ms (ActiveRecord: 3.2ms | Allocations: 3578)


Started GET "/articles/2" for ::1 at 2021-07-01 23:26:07 +0800
Processing by ArticlesController#show as HTML
  Parameters: {"id"=>"2"}
  [1m[36mArticle Load (0.2ms)[0m  [1m[34mSELECT "articles".* FROM "articles" WHERE "articles"."id" = ? LIMIT ?[0m  [["id", 2], ["LIMIT", 1]]
  ↳ app/controllers/articles_controller.rb:9:in `show'
  Rendering layout layouts/application.html.erb
  Rendering articles/show.html.erb within layouts/application
  [1m[36mComment Load (1.1ms)[0m  [1m[34mSELECT "comments".* FROM "comments" WHERE "comments"."article_id" = ?[0m  [["article_id", 2]]
  ↳ app/views/articles/show.html.erb:13
  Rendered collection of comments/_comment.html.erb [2 times] (Duration: 0.4ms | Allocations: 252)
  Rendered comments/_form.html.erb (Duration: 4.2ms | Allocations: 1031)
  Rendered articles/show.html.erb within layouts/application (Duration: 9.0ms | Allocations: 2351)
[Webpacker] Everything's up-to-date. Nothing to do
  Rendered layout layouts/application.html.erb (Duration: 23.6ms | Allocations: 6007)
Completed 200 OK in 29ms (Views: 23.0ms | ActiveRecord: 1.3ms | Allocations: 6933)


Started GET "/articles/2" for ::1 at 2021-07-01 23:26:29 +0800
Processing by ArticlesController#show as HTML
  Parameters: {"id"=>"2"}
  [1m[36mArticle Load (0.3ms)[0m  [1m[34mSELECT "articles".* FROM "articles" WHERE "articles"."id" = ? LIMIT ?[0m  [["id", 2], ["LIMIT", 1]]
  ↳ app/controllers/articles_controller.rb:9:in `show'
  Rendering layout layouts/application.html.erb
  Rendering articles/show.html.erb within layouts/application
  [1m[36mComment Load (0.1ms)[0m  [1m[34mSELECT "comments".* FROM "comments" WHERE "comments"."article_id" = ?[0m  [["article_id", 2]]
  ↳ app/views/articles/show.html.erb:13
  Rendered collection of comments/_comment.html.erb [2 times] (Duration: 0.5ms | Allocations: 249)
  Rendered comments/_form.html.erb (Duration: 2.0ms | Allocations: 1031)
  Rendered articles/show.html.erb within layouts/application (Duration: 5.3ms | Allocations: 2347)
[Webpacker] Everything's up-to-date. Nothing to do
  Rendered layout layouts/application.html.erb (Duration: 14.8ms | Allocations: 6005)
Completed 200 OK in 19ms (Views: 15.1ms | ActiveRecord: 0.4ms | Allocations: 6947)


Started GET "/articles/" for ::1 at 2021-07-01 23:26:31 +0800
Processing by ArticlesController#index as HTML
  Rendering layout layouts/application.html.erb
  Rendering articles/index.html.erb within layouts/application
  [1m[36mArticle Load (0.6ms)[0m  [1m[34mSELECT "articles".* FROM "articles"[0m
  ↳ app/views/articles/index.html.erb:4
  Rendered articles/index.html.erb within layouts/application (Duration: 5.1ms | Allocations: 913)
[Webpacker] Everything's up-to-date. Nothing to do
  Rendered layout layouts/application.html.erb (Duration: 20.2ms | Allocations: 4577)
Completed 200 OK in 22ms (Views: 20.2ms | ActiveRecord: 0.6ms | Allocations: 4979)


Started GET "/articles/new" for ::1 at 2021-07-01 23:26:40 +0800
Processing by ArticlesController#new as HTML
  Rendering layout layouts/application.html.erb
  Rendering articles/new.html.erb within layouts/application
  Rendered articles/_form.html.erb (Duration: 6.1ms | Allocations: 1400)
  Rendered articles/new.html.erb within layouts/application (Duration: 9.4ms | Allocations: 1810)
[Webpacker] Everything's up-to-date. Nothing to do
  Rendered layout layouts/application.html.erb (Duration: 21.8ms | Allocations: 5467)
Completed 200 OK in 25ms (Views: 22.6ms | ActiveRecord: 0.0ms | Allocations: 6044)


Started POST "/articles" for ::1 at 2021-07-01 23:26:58 +0800
Processing by ArticlesController#create as HTML
  Parameters: {"authenticity_token"=>"[FILTERED]", "article"=>{"title"=>"article", "body"=>"article 12334", "status"=>"public"}, "commit"=>"Create Article"}
  [1m[36mTRANSACTION (0.1ms)[0m  [1m[36mbegin transaction[0m
  ↳ app/controllers/articles_controller.rb:19:in `create'
  [1m[36mArticle Create (0.5ms)[0m  [1m[32mINSERT INTO "articles" ("title", "body", "created_at", "updated_at", "status") VALUES (?, ?, ?, ?, ?)[0m  [["title", "article"], ["body", "article 12334"], ["created_at", "2021-07-01 15:26:58.083934"], ["updated_at", "2021-07-01 15:26:58.083934"], ["status", "public"]]
  ↳ app/controllers/articles_controller.rb:19:in `create'
  [1m[36mTRANSACTION (3.4ms)[0m  [1m[36mcommit transaction[0m
  ↳ app/controllers/articles_controller.rb:19:in `create'
Redirected to http://localhost:3000/articles/4
Completed 302 Found in 10ms (ActiveRecord: 4.0ms | Allocations: 2623)


Started GET "/articles/4" for ::1 at 2021-07-01 23:26:58 +0800
Processing by ArticlesController#show as HTML
  Parameters: {"id"=>"4"}
  [1m[36mArticle Load (0.2ms)[0m  [1m[34mSELECT "articles".* FROM "articles" WHERE "articles"."id" = ? LIMIT ?[0m  [["id", 4], ["LIMIT", 1]]
  ↳ app/controllers/articles_controller.rb:9:in `show'
  Rendering layout layouts/application.html.erb
  Rendering articles/show.html.erb within layouts/application
  [1m[36mComment Load (0.2ms)[0m  [1m[34mSELECT "comments".* FROM "comments" WHERE "comments"."article_id" = ?[0m  [["article_id", 4]]
  ↳ app/views/articles/show.html.erb:13
  Rendered collection of templates [0 times] (Duration: 0.0ms | Allocations: 11)
  Rendered comments/_form.html.erb (Duration: 2.7ms | Allocations: 1032)
  Rendered articles/show.html.erb within layouts/application (Duration: 6.2ms | Allocations: 2039)
[Webpacker] Everything's up-to-date. Nothing to do
  Rendered layout layouts/application.html.erb (Duration: 17.1ms | Allocations: 5695)
Completed 200 OK in 21ms (Views: 17.5ms | ActiveRecord: 0.4ms | Allocations: 6621)


Started POST "/articles/4/comments" for ::1 at 2021-07-01 23:27:33 +0800
Processing by CommentsController#create as HTML
  Parameters: {"authenticity_token"=>"[FILTERED]", "comment"=>{"commenter"=>"daniel", "body"=>"fsfd", "status"=>"public"}, "commit"=>"Create Comment", "article_id"=>"4"}
  [1m[36mArticle Load (0.1ms)[0m  [1m[34mSELECT "articles".* FROM "articles" WHERE "articles"."id" = ? LIMIT ?[0m  [["id", 4], ["LIMIT", 1]]
  ↳ app/controllers/comments_controller.rb:5:in `create'
  [1m[36mTRANSACTION (0.0ms)[0m  [1m[36mbegin transaction[0m
  ↳ app/controllers/comments_controller.rb:6:in `create'
  [1m[36mComment Create (0.7ms)[0m  [1m[32mINSERT INTO "comments" ("commenter", "body", "article_id", "created_at", "updated_at", "status") VALUES (?, ?, ?, ?, ?, ?)[0m  [["commenter", "daniel"], ["body", "fsfd"], ["article_id", 4], ["created_at", "2021-07-01 15:27:33.238908"], ["updated_at", "2021-07-01 15:27:33.238908"], ["status", "public"]]
  ↳ app/controllers/comments_controller.rb:6:in `create'
  [1m[36mTRANSACTION (1.8ms)[0m  [1m[36mcommit transaction[0m
  ↳ app/controllers/comments_controller.rb:6:in `create'
Redirected to http://localhost:3000/articles/4
Completed 302 Found in 12ms (ActiveRecord: 2.7ms | Allocations: 3255)


Started GET "/articles/4" for ::1 at 2021-07-01 23:27:33 +0800
Processing by ArticlesController#show as HTML
  Parameters: {"id"=>"4"}
  [1m[36mArticle Load (0.2ms)[0m  [1m[34mSELECT "articles".* FROM "articles" WHERE "articles"."id" = ? LIMIT ?[0m  [["id", 4], ["LIMIT", 1]]
  ↳ app/controllers/articles_controller.rb:9:in `show'
  Rendering layout layouts/application.html.erb
  Rendering articles/show.html.erb within layouts/application
  [1m[36mComment Load (0.1ms)[0m  [1m[34mSELECT "comments".* FROM "comments" WHERE "comments"."article_id" = ?[0m  [["article_id", 4]]
  ↳ app/views/articles/show.html.erb:13
  Rendered collection of comments/_comment.html.erb [1 times] (Duration: 0.4ms | Allocations: 162)
  Rendered comments/_form.html.erb (Duration: 2.1ms | Allocations: 1031)
  Rendered articles/show.html.erb within layouts/application (Duration: 5.3ms | Allocations: 2241)
[Webpacker] Everything's up-to-date. Nothing to do
  Rendered layout layouts/application.html.erb (Duration: 14.6ms | Allocations: 5898)
Completed 200 OK in 17ms (Views: 14.9ms | ActiveRecord: 0.3ms | Allocations: 6823)


Started POST "/articles/4/comments" for ::1 at 2021-07-01 23:27:39 +0800
Processing by CommentsController#create as HTML
  Parameters: {"authenticity_token"=>"[FILTERED]", "comment"=>{"commenter"=>"", "body"=>"", "status"=>"public"}, "commit"=>"Create Comment", "article_id"=>"4"}
  [1m[36mArticle Load (0.2ms)[0m  [1m[34mSELECT "articles".* FROM "articles" WHERE "articles"."id" = ? LIMIT ?[0m  [["id", 4], ["LIMIT", 1]]
  ↳ app/controllers/comments_controller.rb:5:in `create'
  [1m[36mTRANSACTION (0.1ms)[0m  [1m[36mbegin transaction[0m
  ↳ app/controllers/comments_controller.rb:6:in `create'
  [1m[36mComment Create (0.7ms)[0m  [1m[32mINSERT INTO "comments" ("commenter", "body", "article_id", "created_at", "updated_at", "status") VALUES (?, ?, ?, ?, ?, ?)[0m  [["commenter", ""], ["body", ""], ["article_id", 4], ["created_at", "2021-07-01 15:27:39.526286"], ["updated_at", "2021-07-01 15:27:39.526286"], ["status", "public"]]
  ↳ app/controllers/comments_controller.rb:6:in `create'
  [1m[36mTRANSACTION (3.5ms)[0m  [1m[36mcommit transaction[0m
  ↳ app/controllers/comments_controller.rb:6:in `create'
Redirected to http://localhost:3000/articles/4
Completed 302 Found in 14ms (ActiveRecord: 4.5ms | Allocations: 3259)


Started GET "/articles/4" for ::1 at 2021-07-01 23:27:39 +0800
Processing by ArticlesController#show as HTML
  Parameters: {"id"=>"4"}
  [1m[36mArticle Load (0.2ms)[0m  [1m[34mSELECT "articles".* FROM "articles" WHERE "articles"."id" = ? LIMIT ?[0m  [["id", 4], ["LIMIT", 1]]
  ↳ app/controllers/articles_controller.rb:9:in `show'
  Rendering layout layouts/application.html.erb
  Rendering articles/show.html.erb within layouts/application
  [1m[36mComment Load (0.2ms)[0m  [1m[34mSELECT "comments".* FROM "comments" WHERE "comments"."article_id" = ?[0m  [["article_id", 4]]
  ↳ app/views/articles/show.html.erb:13
  Rendered collection of comments/_comment.html.erb [2 times] (Duration: 0.6ms | Allocations: 249)
  Rendered comments/_form.html.erb (Duration: 2.4ms | Allocations: 1031)
  Rendered articles/show.html.erb within layouts/application (Duration: 6.3ms | Allocations: 2345)
[Webpacker] Everything's up-to-date. Nothing to do
  Rendered layout layouts/application.html.erb (Duration: 16.7ms | Allocations: 6001)
Completed 200 OK in 20ms (Views: 17.1ms | ActiveRecord: 0.4ms | Allocations: 6926)


Started DELETE "/articles/4/comments/5" for ::1 at 2021-07-01 23:29:59 +0800
Processing by CommentsController#destroy as HTML
  Parameters: {"authenticity_token"=>"[FILTERED]", "article_id"=>"4", "id"=>"5"}
  [1m[36mArticle Load (0.2ms)[0m  [1m[34mSELECT "articles".* FROM "articles" WHERE "articles"."id" = ? LIMIT ?[0m  [["id", 4], ["LIMIT", 1]]
  ↳ app/controllers/comments_controller.rb:11:in `destroy'
  [1m[36mComment Load (0.2ms)[0m  [1m[34mSELECT "comments".* FROM "comments" WHERE "comments"."article_id" = ? AND "comments"."id" = ? LIMIT ?[0m  [["article_id", 4], ["id", 5], ["LIMIT", 1]]
  ↳ app/controllers/comments_controller.rb:12:in `destroy'
  [1m[36mTRANSACTION (0.0ms)[0m  [1m[36mbegin transaction[0m
  ↳ app/controllers/comments_controller.rb:13:in `destroy'
  [1m[36mComment Destroy (0.5ms)[0m  [1m[31mDELETE FROM "comments" WHERE "comments"."id" = ?[0m  [["id", 5]]
  ↳ app/controllers/comments_controller.rb:13:in `destroy'
  [1m[36mTRANSACTION (1.2ms)[0m  [1m[36mcommit transaction[0m
  ↳ app/controllers/comments_controller.rb:13:in `destroy'
Redirected to http://localhost:3000/articles/4
Completed 302 Found in 10ms (ActiveRecord: 2.0ms | Allocations: 3443)


Started GET "/articles/4" for ::1 at 2021-07-01 23:29:59 +0800
Processing by ArticlesController#show as HTML
  Parameters: {"id"=>"4"}
  [1m[36mArticle Load (0.2ms)[0m  [1m[34mSELECT "articles".* FROM "articles" WHERE "articles"."id" = ? LIMIT ?[0m  [["id", 4], ["LIMIT", 1]]
  ↳ app/controllers/articles_controller.rb:9:in `show'
  Rendering layout layouts/application.html.erb
  Rendering articles/show.html.erb within layouts/application
  [1m[36mComment Load (0.2ms)[0m  [1m[34mSELECT "comments".* FROM "comments" WHERE "comments"."article_id" = ?[0m  [["article_id", 4]]
  ↳ app/views/articles/show.html.erb:13
  Rendered collection of comments/_comment.html.erb [1 times] (Duration: 0.4ms | Allocations: 158)
  Rendered comments/_form.html.erb (Duration: 3.3ms | Allocations: 1031)
  Rendered articles/show.html.erb within layouts/application (Duration: 7.8ms | Allocations: 2251)
[Webpacker] Everything's up-to-date. Nothing to do
  Rendered layout layouts/application.html.erb (Duration: 22.4ms | Allocations: 9393)
Completed 200 OK in 27ms (Views: 23.6ms | ActiveRecord: 0.4ms | Allocations: 10318)


Started GET "/articles/4" for ::1 at 2021-07-01 23:30:06 +0800
Processing by ArticlesController#show as HTML
  Parameters: {"id"=>"4"}
  [1m[36mArticle Load (0.2ms)[0m  [1m[34mSELECT "articles".* FROM "articles" WHERE "articles"."id" = ? LIMIT ?[0m  [["id", 4], ["LIMIT", 1]]
  ↳ app/controllers/articles_controller.rb:9:in `show'
  Rendering layout layouts/application.html.erb
  Rendering articles/show.html.erb within layouts/application
  [1m[36mComment Load (0.2ms)[0m  [1m[34mSELECT "comments".* FROM "comments" WHERE "comments"."article_id" = ?[0m  [["article_id", 4]]
  ↳ app/views/articles/show.html.erb:13
  Rendered collection of comments/_comment.html.erb [1 times] (Duration: 0.4ms | Allocations: 158)
  Rendered comments/_form.html.erb (Duration: 1.8ms | Allocations: 1031)
  Rendered articles/show.html.erb within layouts/application (Duration: 5.6ms | Allocations: 2239)
[Webpacker] Everything's up-to-date. Nothing to do
  Rendered layout layouts/application.html.erb (Duration: 14.7ms | Allocations: 5897)
Completed 200 OK in 19ms (Views: 15.2ms | ActiveRecord: 0.3ms | Allocations: 6840)


Started GET "/articles/4" for ::1 at 2021-07-01 23:30:08 +0800
Processing by ArticlesController#show as HTML
  Parameters: {"id"=>"4"}
  [1m[36mArticle Load (0.1ms)[0m  [1m[34mSELECT "articles".* FROM "articles" WHERE "articles"."id" = ? LIMIT ?[0m  [["id", 4], ["LIMIT", 1]]
  ↳ app/controllers/articles_controller.rb:9:in `show'
  Rendering layout layouts/application.html.erb
  Rendering articles/show.html.erb within layouts/application
  [1m[36mComment Load (0.1ms)[0m  [1m[34mSELECT "comments".* FROM "comments" WHERE "comments"."article_id" = ?[0m  [["article_id", 4]]
  ↳ app/views/articles/show.html.erb:13
  Rendered collection of comments/_comment.html.erb [1 times] (Duration: 0.3ms | Allocations: 158)
  Rendered comments/_form.html.erb (Duration: 1.8ms | Allocations: 1031)
  Rendered articles/show.html.erb within layouts/application (Duration: 4.0ms | Allocations: 2238)
[Webpacker] Everything's up-to-date. Nothing to do
  Rendered layout layouts/application.html.erb (Duration: 12.2ms | Allocations: 5894)
Completed 200 OK in 14ms (Views: 12.4ms | ActiveRecord: 0.2ms | Allocations: 6820)


Started GET "/articles/4" for ::1 at 2021-07-01 23:30:10 +0800
Processing by ArticlesController#show as HTML
  Parameters: {"id"=>"4"}
  [1m[36mArticle Load (0.1ms)[0m  [1m[34mSELECT "articles".* FROM "articles" WHERE "articles"."id" = ? LIMIT ?[0m  [["id", 4], ["LIMIT", 1]]
  ↳ app/controllers/articles_controller.rb:9:in `show'
  Rendering layout layouts/application.html.erb
  Rendering articles/show.html.erb within layouts/application
  [1m[36mComment Load (0.1ms)[0m  [1m[34mSELECT "comments".* FROM "comments" WHERE "comments"."article_id" = ?[0m  [["article_id", 4]]
  ↳ app/views/articles/show.html.erb:13
  Rendered collection of comments/_comment.html.erb [1 times] (Duration: 0.4ms | Allocations: 158)
  Rendered comments/_form.html.erb (Duration: 1.8ms | Allocations: 1031)
  Rendered articles/show.html.erb within layouts/application (Duration: 4.8ms | Allocations: 2237)
[Webpacker] Everything's up-to-date. Nothing to do
  Rendered layout layouts/application.html.erb (Duration: 13.6ms | Allocations: 5893)
Completed 200 OK in 16ms (Views: 13.9ms | ActiveRecord: 0.3ms | Allocations: 6818)


Started GET "/articles/new" for ::1 at 2021-07-01 23:30:11 +0800
Processing by ArticlesController#new as HTML
  Rendering layout layouts/application.html.erb
  Rendering articles/new.html.erb within layouts/application
  Rendered articles/_form.html.erb (Duration: 1.8ms | Allocations: 943)
  Rendered articles/new.html.erb within layouts/application (Duration: 2.0ms | Allocations: 1037)
[Webpacker] Everything's up-to-date. Nothing to do
  Rendered layout layouts/application.html.erb (Duration: 24.3ms | Allocations: 4693)
Completed 200 OK in 26ms (Views: 24.9ms | ActiveRecord: 0.0ms | Allocations: 5112)


Started GET "/articles/" for ::1 at 2021-07-01 23:30:12 +0800
Processing by ArticlesController#index as HTML
  Rendering layout layouts/application.html.erb
  Rendering articles/index.html.erb within layouts/application
  [1m[36mArticle Load (0.2ms)[0m  [1m[34mSELECT "articles".* FROM "articles"[0m
  ↳ app/views/articles/index.html.erb:4
  Rendered articles/index.html.erb within layouts/application (Duration: 2.7ms | Allocations: 855)
[Webpacker] Everything's up-to-date. Nothing to do
  Rendered layout layouts/application.html.erb (Duration: 15.8ms | Allocations: 4610)
Completed 200 OK in 17ms (Views: 16.4ms | ActiveRecord: 0.2ms | Allocations: 5014)


Started GET "/articles/4" for ::1 at 2021-07-01 23:30:16 +0800
Processing by ArticlesController#show as HTML
  Parameters: {"id"=>"4"}
  [1m[36mArticle Load (0.1ms)[0m  [1m[34mSELECT "articles".* FROM "articles" WHERE "articles"."id" = ? LIMIT ?[0m  [["id", 4], ["LIMIT", 1]]
  ↳ app/controllers/articles_controller.rb:9:in `show'
  Rendering layout layouts/application.html.erb
  Rendering articles/show.html.erb within layouts/application
  [1m[36mComment Load (0.2ms)[0m  [1m[34mSELECT "comments".* FROM "comments" WHERE "comments"."article_id" = ?[0m  [["article_id", 4]]
  ↳ app/views/articles/show.html.erb:13
  Rendered collection of comments/_comment.html.erb [1 times] (Duration: 0.6ms | Allocations: 159)
  Rendered comments/_form.html.erb (Duration: 2.4ms | Allocations: 1031)
  Rendered articles/show.html.erb within layouts/application (Duration: 6.9ms | Allocations: 2253)
[Webpacker] Everything's up-to-date. Nothing to do
  Rendered layout layouts/application.html.erb (Duration: 18.6ms | Allocations: 6004)
Completed 200 OK in 21ms (Views: 18.9ms | ActiveRecord: 0.3ms | Allocations: 6957)


Started GET "/articles/1" for ::1 at 2021-07-01 23:30:20 +0800
Processing by ArticlesController#show as HTML
  Parameters: {"id"=>"1"}
  [1m[36mArticle Load (0.2ms)[0m  [1m[34mSELECT "articles".* FROM "articles" WHERE "articles"."id" = ? LIMIT ?[0m  [["id", 1], ["LIMIT", 1]]
  ↳ app/controllers/articles_controller.rb:9:in `show'
  Rendering layout layouts/application.html.erb
  Rendering articles/show.html.erb within layouts/application
  [1m[36mComment Load (0.1ms)[0m  [1m[34mSELECT "comments".* FROM "comments" WHERE "comments"."article_id" = ?[0m  [["article_id", 1]]
  ↳ app/views/articles/show.html.erb:13
  Rendered collection of templates [0 times] (Duration: 0.0ms | Allocations: 10)
  Rendered comments/_form.html.erb (Duration: 1.8ms | Allocations: 1031)
  Rendered articles/show.html.erb within layouts/application (Duration: 5.5ms | Allocations: 2064)
[Webpacker] Everything's up-to-date. Nothing to do
  Rendered layout layouts/application.html.erb (Duration: 16.9ms | Allocations: 5833)
Completed 200 OK in 22ms (Views: 17.4ms | ActiveRecord: 0.4ms | Allocations: 7249)


Started GET "/articles/2" for ::1 at 2021-07-01 23:30:24 +0800
Processing by ArticlesController#show as HTML
  Parameters: {"id"=>"2"}
  [1m[36mArticle Load (0.2ms)[0m  [1m[34mSELECT "articles".* FROM "articles" WHERE "articles"."id" = ? LIMIT ?[0m  [["id", 2], ["LIMIT", 1]]
  ↳ app/controllers/articles_controller.rb:9:in `show'
  Rendering layout layouts/application.html.erb
  Rendering articles/show.html.erb within layouts/application
  [1m[36mComment Load (0.2ms)[0m  [1m[34mSELECT "comments".* FROM "comments" WHERE "comments"."article_id" = ?[0m  [["article_id", 2]]
  ↳ app/views/articles/show.html.erb:13
  Rendered collection of comments/_comment.html.erb [2 times] (Duration: 0.8ms | Allocations: 249)
  Rendered comments/_form.html.erb (Duration: 2.6ms | Allocations: 1031)
  Rendered articles/show.html.erb within layouts/application (Duration: 9.7ms | Allocations: 2862)
[Webpacker] Everything's up-to-date. Nothing to do
  Rendered layout layouts/application.html.erb (Duration: 22.1ms | Allocations: 6639)
Completed 200 OK in 27ms (Views: 22.9ms | ActiveRecord: 0.4ms | Allocations: 7566)


Started GET "/articles/new" for ::1 at 2021-07-01 23:30:27 +0800
Processing by ArticlesController#new as HTML
  Rendering layout layouts/application.html.erb
  Rendering articles/new.html.erb within layouts/application
  Rendered articles/_form.html.erb (Duration: 1.8ms | Allocations: 943)
  Rendered articles/new.html.erb within layouts/application (Duration: 2.1ms | Allocations: 1037)
[Webpacker] Everything's up-to-date. Nothing to do
  Rendered layout layouts/application.html.erb (Duration: 20.7ms | Allocations: 5328)
Completed 200 OK in 22ms (Views: 21.3ms | ActiveRecord: 0.0ms | Allocations: 5748)


Started GET "/articles/new" for ::1 at 2021-07-01 23:30:32 +0800
Processing by ArticlesController#new as HTML
  Rendering layout layouts/application.html.erb
  Rendering articles/new.html.erb within layouts/application
  Rendered articles/_form.html.erb (Duration: 3.5ms | Allocations: 943)
  Rendered articles/new.html.erb within layouts/application (Duration: 3.8ms | Allocations: 1039)
[Webpacker] Everything's up-to-date. Nothing to do
  Rendered layout layouts/application.html.erb (Duration: 18.8ms | Allocations: 4867)
Completed 200 OK in 21ms (Views: 20.1ms | ActiveRecord: 0.0ms | Allocations: 5747)


Started POST "/articles" for ::1 at 2021-07-01 23:30:33 +0800
Processing by ArticlesController#create as HTML
  Parameters: {"authenticity_token"=>"[FILTERED]", "article"=>{"title"=>"", "body"=>"", "status"=>"public"}, "commit"=>"Create Article"}
  Rendering layout layouts/application.html.erb
  Rendering articles/new.html.erb within layouts/application
  Rendered articles/_form.html.erb (Duration: 6.1ms | Allocations: 4065)
  Rendered articles/new.html.erb within layouts/application (Duration: 6.3ms | Allocations: 4159)
[Webpacker] Everything's up-to-date. Nothing to do
  Rendered layout layouts/application.html.erb (Duration: 14.0ms | Allocations: 7737)
Completed 200 OK in 16ms (Views: 14.5ms | ActiveRecord: 0.0ms | Allocations: 8832)


Started GET "/articles" for ::1 at 2021-07-01 23:37:58 +0800
  [1m[35m (7.0ms)[0m  [1m[34mSELECT sqlite_version(*)[0m
  [1m[35m (0.5ms)[0m  [1m[34mSELECT "schema_migrations"."version" FROM "schema_migrations" ORDER BY "schema_migrations"."version" ASC[0m
Processing by ArticlesController#index as HTML
  Rendering layout layouts/application.html.erb
  Rendering articles/index.html.erb within layouts/application
  [1m[36mArticle Load (0.6ms)[0m  [1m[34mSELECT "articles".* FROM "articles"[0m
  ↳ app/views/articles/index.html.erb:4
  Rendered articles/index.html.erb within layouts/application (Duration: 20.1ms | Allocations: 4773)
[Webpacker] Everything's up-to-date. Nothing to do
  Rendered layout layouts/application.html.erb (Duration: 70.4ms | Allocations: 11023)
Completed 200 OK in 136ms (Views: 82.9ms | ActiveRecord: 2.2ms | Allocations: 15685)


Started GET "/articles/2" for ::1 at 2021-07-01 23:38:00 +0800
Processing by ArticlesController#show as HTML
  Parameters: {"id"=>"2"}
  [1m[36mArticle Load (0.2ms)[0m  [1m[34mSELECT "articles".* FROM "articles" WHERE "articles"."id" = ? LIMIT ?[0m  [["id", 2], ["LIMIT", 1]]
  ↳ app/controllers/articles_controller.rb:9:in `show'
  Rendering layout layouts/application.html.erb
  Rendering articles/show.html.erb within layouts/application
  [1m[36mComment Load (10.1ms)[0m  [1m[34mSELECT "comments".* FROM "comments" WHERE "comments"."article_id" = ?[0m  [["article_id", 2]]
  ↳ app/views/articles/show.html.erb:13
  Rendered collection of comments/_comment.html.erb [2 times] (Duration: 11.6ms | Allocations: 726)
  Rendered comments/_form.html.erb (Duration: 33.4ms | Allocations: 3331)
  Rendered articles/show.html.erb within layouts/application (Duration: 143.3ms | Allocations: 13650)
[Webpacker] Everything's up-to-date. Nothing to do
  Rendered layout layouts/application.html.erb (Duration: 153.1ms | Allocations: 17213)
Completed 200 OK in 166ms (Views: 143.6ms | ActiveRecord: 11.3ms | Allocations: 19247)


